2024/11/29 14:58:17 [notice] 1#1: using the "epoll" event method
2024/11/29 14:58:17 [notice] 1#1: nginx/1.27.3
2024/11/29 14:58:17 [notice] 1#1: built by gcc 12.2.0 (Debian 12.2.0-14) 
2024/11/29 14:58:17 [notice] 1#1: OS: Linux 5.15.167.4-microsoft-standard-WSL2
2024/11/29 14:58:17 [notice] 1#1: getrlimit(RLIMIT_NOFILE): 1048576:1048576
2024/11/29 14:58:17 [notice] 1#1: start worker processes
2024/11/29 14:58:17 [notice] 1#1: start worker process 29
2024/11/29 14:58:17 [notice] 1#1: start worker process 30
2024/11/29 14:58:17 [notice] 1#1: start worker process 31
2024/11/29 14:58:17 [notice] 1#1: start worker process 32
2024/11/29 15:07:30 [notice] 1#1: using the "epoll" event method
2024/11/29 15:07:30 [notice] 1#1: nginx/1.27.3
2024/11/29 15:07:30 [notice] 1#1: built by gcc 12.2.0 (Debian 12.2.0-14) 
2024/11/29 15:07:30 [notice] 1#1: OS: Linux 5.15.167.4-microsoft-standard-WSL2
2024/11/29 15:07:30 [notice] 1#1: getrlimit(RLIMIT_NOFILE): 1048576:1048576
2024/11/29 15:07:30 [notice] 1#1: start worker processes
2024/11/29 15:07:30 [notice] 1#1: start worker process 22
2024/11/29 15:07:30 [notice] 1#1: start worker process 23
2024/11/29 15:07:30 [notice] 1#1: start worker process 24
2024/11/29 15:07:30 [notice] 1#1: start worker process 25
2024/11/29 15:07:46 [notice] 1#1: signal 3 (SIGQUIT) received, shutting down
2024/11/29 15:07:46 [notice] 22#22: gracefully shutting down
2024/11/29 15:07:46 [notice] 22#22: exiting
2024/11/29 15:07:46 [notice] 23#23: gracefully shutting down
2024/11/29 15:07:46 [notice] 23#23: exiting
2024/11/29 15:07:46 [notice] 24#24: gracefully shutting down
2024/11/29 15:07:46 [notice] 25#25: gracefully shutting down
2024/11/29 15:07:46 [notice] 22#22: exit
2024/11/29 15:07:46 [notice] 23#23: exit
2024/11/29 15:07:46 [notice] 24#24: exiting
2024/11/29 15:07:46 [notice] 24#24: exit
2024/11/29 15:07:46 [notice] 25#25: exiting
2024/11/29 15:07:46 [notice] 25#25: exit
2024/11/29 15:07:47 [notice] 1#1: signal 17 (SIGCHLD) received from 22
2024/11/29 15:07:47 [notice] 1#1: worker process 22 exited with code 0
2024/11/29 15:07:47 [notice] 1#1: worker process 25 exited with code 0
2024/11/29 15:07:47 [notice] 1#1: signal 29 (SIGIO) received
2024/11/29 15:07:47 [notice] 1#1: signal 17 (SIGCHLD) received from 25
2024/11/29 15:07:47 [notice] 1#1: signal 17 (SIGCHLD) received from 23
2024/11/29 15:07:47 [notice] 1#1: worker process 23 exited with code 0
2024/11/29 15:07:47 [notice] 1#1: signal 29 (SIGIO) received
2024/11/29 15:07:47 [notice] 1#1: signal 17 (SIGCHLD) received from 24
2024/11/29 15:07:47 [notice] 1#1: worker process 24 exited with code 0
2024/11/29 15:07:47 [notice] 1#1: exit
2024/11/29 15:08:04 [notice] 1#1: using the "epoll" event method
2024/11/29 15:08:04 [notice] 1#1: nginx/1.27.3
2024/11/29 15:08:04 [notice] 1#1: built by gcc 12.2.0 (Debian 12.2.0-14) 
2024/11/29 15:08:04 [notice] 1#1: OS: Linux 5.15.167.4-microsoft-standard-WSL2
2024/11/29 15:08:04 [notice] 1#1: getrlimit(RLIMIT_NOFILE): 1048576:1048576
2024/11/29 15:08:04 [notice] 1#1: start worker processes
2024/11/29 15:08:04 [notice] 1#1: start worker process 22
2024/11/29 15:08:04 [notice] 1#1: start worker process 23
2024/11/29 15:08:04 [notice] 1#1: start worker process 24
2024/11/29 15:08:04 [notice] 1#1: start worker process 25
2024/11/29 16:03:39 [notice] 1#1: signal 3 (SIGQUIT) received, shutting down
2024/11/29 16:03:39 [notice] 24#24: gracefully shutting down
2024/11/29 16:03:39 [notice] 25#25: gracefully shutting down
2024/11/29 16:03:39 [notice] 22#22: gracefully shutting down
2024/11/29 16:03:39 [notice] 23#23: gracefully shutting down
2024/11/29 16:03:39 [notice] 22#22: exiting
2024/11/29 16:03:39 [notice] 25#25: exiting
2024/11/29 16:03:39 [notice] 23#23: exiting
2024/11/29 16:03:39 [notice] 24#24: exiting
2024/11/29 16:03:39 [notice] 22#22: exit
2024/11/29 16:03:39 [notice] 25#25: exit
2024/11/29 16:03:39 [notice] 24#24: exit
2024/11/29 16:03:39 [notice] 23#23: exit
2024/11/29 16:03:39 [notice] 1#1: signal 17 (SIGCHLD) received from 22
2024/11/29 16:03:39 [notice] 1#1: worker process 22 exited with code 0
2024/11/29 16:03:39 [notice] 1#1: signal 29 (SIGIO) received
2024/11/29 16:03:39 [notice] 1#1: signal 17 (SIGCHLD) received from 23
2024/11/29 16:03:39 [notice] 1#1: worker process 23 exited with code 0
2024/11/29 16:03:39 [notice] 1#1: signal 29 (SIGIO) received
2024/11/29 16:03:39 [notice] 1#1: signal 17 (SIGCHLD) received from 25
2024/11/29 16:03:39 [notice] 1#1: worker process 25 exited with code 0
2024/11/29 16:03:39 [notice] 1#1: signal 29 (SIGIO) received
2024/11/29 16:03:39 [notice] 1#1: signal 17 (SIGCHLD) received from 24
2024/11/29 16:03:39 [notice] 1#1: worker process 24 exited with code 0
2024/11/29 16:03:39 [notice] 1#1: exit
2024/11/29 16:07:34 [notice] 1#1: using the "epoll" event method
2024/11/29 16:07:34 [notice] 1#1: nginx/1.27.3
2024/11/29 16:07:34 [notice] 1#1: built by gcc 12.2.0 (Debian 12.2.0-14) 
2024/11/29 16:07:34 [notice] 1#1: OS: Linux 5.15.167.4-microsoft-standard-WSL2
2024/11/29 16:07:34 [notice] 1#1: getrlimit(RLIMIT_NOFILE): 1048576:1048576
2024/11/29 16:07:34 [notice] 1#1: start worker processes
2024/11/29 16:07:34 [notice] 1#1: start worker process 22
2024/11/29 16:07:34 [notice] 1#1: start worker process 23
2024/11/29 16:07:34 [notice] 1#1: start worker process 24
2024/11/29 16:07:34 [notice] 1#1: start worker process 25
2024/11/29 16:16:07 [notice] 1#1: signal 3 (SIGQUIT) received, shutting down
2024/11/29 16:16:07 [notice] 23#23: gracefully shutting down
2024/11/29 16:16:07 [notice] 23#23: exiting
2024/11/29 16:16:07 [notice] 24#24: gracefully shutting down
2024/11/29 16:16:07 [notice] 25#25: gracefully shutting down
2024/11/29 16:16:07 [notice] 24#24: exiting
2024/11/29 16:16:07 [notice] 22#22: gracefully shutting down
2024/11/29 16:16:07 [notice] 23#23: exit
2024/11/29 16:16:07 [notice] 24#24: exit
2024/11/29 16:16:07 [notice] 25#25: exiting
2024/11/29 16:16:07 [notice] 22#22: exiting
2024/11/29 16:16:07 [notice] 25#25: exit
2024/11/29 16:16:07 [notice] 22#22: exit
2024/11/29 16:16:08 [notice] 1#1: signal 17 (SIGCHLD) received from 22
2024/11/29 16:16:08 [notice] 1#1: worker process 22 exited with code 0
2024/11/29 16:16:08 [notice] 1#1: worker process 23 exited with code 0
2024/11/29 16:16:08 [notice] 1#1: worker process 24 exited with code 0
2024/11/29 16:16:08 [notice] 1#1: worker process 25 exited with code 0
2024/11/29 16:16:08 [notice] 1#1: exit
2024/11/29 16:17:09 [notice] 1#1: using the "epoll" event method
2024/11/29 16:17:09 [notice] 1#1: nginx/1.27.3
2024/11/29 16:17:09 [notice] 1#1: built by gcc 12.2.0 (Debian 12.2.0-14) 
2024/11/29 16:17:09 [notice] 1#1: OS: Linux 5.15.167.4-microsoft-standard-WSL2
2024/11/29 16:17:09 [notice] 1#1: getrlimit(RLIMIT_NOFILE): 1048576:1048576
2024/11/29 16:17:09 [notice] 1#1: start worker processes
2024/11/29 16:17:09 [notice] 1#1: start worker process 29
2024/11/29 16:17:09 [notice] 1#1: start worker process 30
2024/11/29 16:17:09 [notice] 1#1: start worker process 31
2024/11/29 16:17:09 [notice] 1#1: start worker process 32
2024/11/29 16:19:11 [notice] 1#1: signal 3 (SIGQUIT) received, shutting down
2024/11/29 16:19:11 [notice] 30#30: gracefully shutting down
2024/11/29 16:19:11 [notice] 32#32: gracefully shutting down
2024/11/29 16:19:11 [notice] 31#31: gracefully shutting down
2024/11/29 16:19:11 [notice] 29#29: gracefully shutting down
2024/11/29 16:19:11 [notice] 32#32: exiting
2024/11/29 16:19:11 [notice] 30#30: exiting
2024/11/29 16:19:11 [notice] 32#32: exit
2024/11/29 16:19:11 [notice] 29#29: exiting
2024/11/29 16:19:11 [notice] 31#31: exiting
2024/11/29 16:19:11 [notice] 31#31: exit
2024/11/29 16:19:11 [notice] 30#30: exit
2024/11/29 16:19:11 [notice] 29#29: exit
2024/11/29 16:19:12 [notice] 1#1: signal 17 (SIGCHLD) received from 30
2024/11/29 16:19:12 [notice] 1#1: worker process 29 exited with code 0
2024/11/29 16:19:12 [notice] 1#1: worker process 30 exited with code 0
2024/11/29 16:19:12 [notice] 1#1: worker process 32 exited with code 0
2024/11/29 16:19:12 [notice] 1#1: signal 29 (SIGIO) received
2024/11/29 16:19:12 [notice] 1#1: signal 17 (SIGCHLD) received from 29
2024/11/29 16:19:12 [notice] 1#1: signal 17 (SIGCHLD) received from 31
2024/11/29 16:19:12 [notice] 1#1: worker process 31 exited with code 0
2024/11/29 16:19:12 [notice] 1#1: exit
2024/11/29 16:19:39 [notice] 1#1: using the "epoll" event method
2024/11/29 16:19:39 [notice] 1#1: nginx/1.27.3
2024/11/29 16:19:39 [notice] 1#1: built by gcc 12.2.0 (Debian 12.2.0-14) 
2024/11/29 16:19:39 [notice] 1#1: OS: Linux 5.15.167.4-microsoft-standard-WSL2
2024/11/29 16:19:39 [notice] 1#1: getrlimit(RLIMIT_NOFILE): 1048576:1048576
2024/11/29 16:19:39 [notice] 1#1: start worker processes
2024/11/29 16:19:39 [notice] 1#1: start worker process 29
2024/11/29 16:19:39 [notice] 1#1: start worker process 30
2024/11/29 16:19:39 [notice] 1#1: start worker process 31
2024/11/29 16:19:39 [notice] 1#1: start worker process 32
2024/11/29 16:20:04 [notice] 1#1: signal 3 (SIGQUIT) received, shutting down
2024/11/29 16:20:04 [notice] 32#32: gracefully shutting down
2024/11/29 16:20:04 [notice] 31#31: gracefully shutting down
2024/11/29 16:20:04 [notice] 29#29: gracefully shutting down
2024/11/29 16:20:04 [notice] 30#30: gracefully shutting down
2024/11/29 16:20:04 [notice] 32#32: exiting
2024/11/29 16:20:04 [notice] 29#29: exiting
2024/11/29 16:20:04 [notice] 31#31: exiting
2024/11/29 16:20:04 [notice] 30#30: exiting
2024/11/29 16:20:04 [notice] 31#31: exit
2024/11/29 16:20:04 [notice] 30#30: exit
2024/11/29 16:20:04 [notice] 32#32: exit
2024/11/29 16:20:04 [notice] 29#29: exit
2024/11/29 16:20:04 [notice] 1#1: signal 17 (SIGCHLD) received from 30
2024/11/29 16:20:04 [notice] 1#1: worker process 29 exited with code 0
2024/11/29 16:20:04 [notice] 1#1: worker process 30 exited with code 0
2024/11/29 16:20:04 [notice] 1#1: worker process 32 exited with code 0
2024/11/29 16:20:04 [notice] 1#1: signal 29 (SIGIO) received
2024/11/29 16:20:04 [notice] 1#1: signal 17 (SIGCHLD) received from 32
2024/11/29 16:20:04 [notice] 1#1: signal 17 (SIGCHLD) received from 31
2024/11/29 16:20:04 [notice] 1#1: worker process 31 exited with code 0
2024/11/29 16:20:04 [notice] 1#1: exit
2024/11/29 16:20:17 [notice] 1#1: using the "epoll" event method
2024/11/29 16:20:17 [notice] 1#1: nginx/1.27.3
2024/11/29 16:20:17 [notice] 1#1: built by gcc 12.2.0 (Debian 12.2.0-14) 
2024/11/29 16:20:17 [notice] 1#1: OS: Linux 5.15.167.4-microsoft-standard-WSL2
2024/11/29 16:20:17 [notice] 1#1: getrlimit(RLIMIT_NOFILE): 1048576:1048576
2024/11/29 16:20:17 [notice] 1#1: start worker processes
2024/11/29 16:20:17 [notice] 1#1: start worker process 30
2024/11/29 16:20:17 [notice] 1#1: start worker process 31
2024/11/29 16:20:17 [notice] 1#1: start worker process 32
2024/11/29 16:20:17 [notice] 1#1: start worker process 33
2024/11/29 16:21:17 [notice] 1#1: signal 3 (SIGQUIT) received, shutting down
2024/11/29 16:21:17 [notice] 30#30: gracefully shutting down
2024/11/29 16:21:17 [notice] 31#31: gracefully shutting down
2024/11/29 16:21:17 [notice] 33#33: gracefully shutting down
2024/11/29 16:21:17 [notice] 31#31: exiting
2024/11/29 16:21:17 [notice] 32#32: gracefully shutting down
2024/11/29 16:21:17 [notice] 30#30: exiting
2024/11/29 16:21:17 [notice] 32#32: exiting
2024/11/29 16:21:17 [notice] 30#30: exit
2024/11/29 16:21:17 [notice] 33#33: exiting
2024/11/29 16:21:17 [notice] 31#31: exit
2024/11/29 16:21:17 [notice] 33#33: exit
2024/11/29 16:21:17 [notice] 32#32: exit
2024/11/29 16:21:17 [notice] 1#1: signal 17 (SIGCHLD) received from 31
2024/11/29 16:21:17 [notice] 1#1: worker process 31 exited with code 0
2024/11/29 16:21:17 [notice] 1#1: worker process 30 exited with code 0
2024/11/29 16:21:17 [notice] 1#1: worker process 33 exited with code 0
2024/11/29 16:21:17 [notice] 1#1: signal 29 (SIGIO) received
2024/11/29 16:21:17 [notice] 1#1: signal 17 (SIGCHLD) received from 30
2024/11/29 16:21:17 [notice] 1#1: worker process 32 exited with code 0
2024/11/29 16:21:17 [notice] 1#1: exit
2024/11/29 16:23:29 [notice] 1#1: using the "epoll" event method
2024/11/29 16:23:29 [notice] 1#1: nginx/1.27.3
2024/11/29 16:23:29 [notice] 1#1: built by gcc 12.2.0 (Debian 12.2.0-14) 
2024/11/29 16:23:29 [notice] 1#1: OS: Linux 5.15.167.4-microsoft-standard-WSL2
2024/11/29 16:23:29 [notice] 1#1: getrlimit(RLIMIT_NOFILE): 1048576:1048576
2024/11/29 16:23:29 [notice] 1#1: start worker processes
2024/11/29 16:23:29 [notice] 1#1: start worker process 29
2024/11/29 16:23:29 [notice] 1#1: start worker process 30
2024/11/29 16:23:29 [notice] 1#1: start worker process 31
2024/11/29 16:23:29 [notice] 1#1: start worker process 32
2024/11/29 16:24:15 [notice] 1#1: signal 3 (SIGQUIT) received, shutting down
2024/11/29 16:24:15 [notice] 29#29: gracefully shutting down
2024/11/29 16:24:15 [notice] 30#30: gracefully shutting down
2024/11/29 16:24:15 [notice] 31#31: gracefully shutting down
2024/11/29 16:24:15 [notice] 29#29: exiting
2024/11/29 16:24:15 [notice] 32#32: gracefully shutting down
2024/11/29 16:24:15 [notice] 31#31: exiting
2024/11/29 16:24:15 [notice] 30#30: exiting
2024/11/29 16:24:15 [notice] 29#29: exit
2024/11/29 16:24:15 [notice] 32#32: exiting
2024/11/29 16:24:15 [notice] 31#31: exit
2024/11/29 16:24:15 [notice] 30#30: exit
2024/11/29 16:24:15 [notice] 32#32: exit
2024/11/29 16:24:15 [notice] 1#1: signal 17 (SIGCHLD) received from 29
2024/11/29 16:24:15 [notice] 1#1: worker process 29 exited with code 0
2024/11/29 16:24:15 [notice] 1#1: worker process 30 exited with code 0
2024/11/29 16:24:15 [notice] 1#1: signal 29 (SIGIO) received
2024/11/29 16:24:15 [notice] 1#1: signal 17 (SIGCHLD) received from 32
2024/11/29 16:24:15 [notice] 1#1: worker process 31 exited with code 0
2024/11/29 16:24:15 [notice] 1#1: worker process 32 exited with code 0
2024/11/29 16:24:15 [notice] 1#1: exit
2024/11/29 16:26:29 [notice] 1#1: using the "epoll" event method
2024/11/29 16:26:29 [notice] 1#1: nginx/1.27.3
2024/11/29 16:26:29 [notice] 1#1: built by gcc 12.2.0 (Debian 12.2.0-14) 
2024/11/29 16:26:29 [notice] 1#1: OS: Linux 5.15.167.4-microsoft-standard-WSL2
2024/11/29 16:26:29 [notice] 1#1: getrlimit(RLIMIT_NOFILE): 1048576:1048576
2024/11/29 16:26:29 [notice] 1#1: start worker processes
2024/11/29 16:26:29 [notice] 1#1: start worker process 29
2024/11/29 16:26:29 [notice] 1#1: start worker process 30
2024/11/29 16:26:29 [notice] 1#1: start worker process 31
2024/11/29 16:26:29 [notice] 1#1: start worker process 32
2024/11/29 16:30:27 [notice] 1#1: signal 3 (SIGQUIT) received, shutting down
2024/11/29 16:30:27 [notice] 31#31: gracefully shutting down
2024/11/29 16:30:27 [notice] 30#30: gracefully shutting down
2024/11/29 16:30:27 [notice] 32#32: gracefully shutting down
2024/11/29 16:30:27 [notice] 29#29: gracefully shutting down
2024/11/29 16:30:27 [notice] 31#31: exiting
2024/11/29 16:30:27 [notice] 29#29: exiting
2024/11/29 16:30:27 [notice] 30#30: exiting
2024/11/29 16:30:27 [notice] 32#32: exiting
2024/11/29 16:30:27 [notice] 30#30: exit
2024/11/29 16:30:27 [notice] 31#31: exit
2024/11/29 16:30:27 [notice] 29#29: exit
2024/11/29 16:30:27 [notice] 32#32: exit
2024/11/29 16:30:27 [notice] 1#1: signal 17 (SIGCHLD) received from 30
2024/11/29 16:30:27 [notice] 1#1: worker process 30 exited with code 0
2024/11/29 16:30:27 [notice] 1#1: worker process 31 exited with code 0
2024/11/29 16:30:27 [notice] 1#1: signal 29 (SIGIO) received
2024/11/29 16:30:27 [notice] 1#1: signal 17 (SIGCHLD) received from 32
2024/11/29 16:30:27 [notice] 1#1: worker process 29 exited with code 0
2024/11/29 16:30:27 [notice] 1#1: worker process 32 exited with code 0
2024/11/29 16:30:27 [notice] 1#1: exit
